"../../../../../../Users/conta/Documents/GitHub/Team777-VI/Content/Geometry/Meshes/CubeMaterial.uasset" 0
"../../../../../../Users/conta/Documents/GitHub/Team777-VI/Content/Geometry/Meshes/TemplateFloor.uasset" 1
"../../../../../../Users/conta/Documents/GitHub/Team777-VI/Content/Mannequin/Character/Mesh/SK_Mannequin_Skeleton.uasset" 2
"../../../../../../Users/conta/Documents/GitHub/Team777-VI/Content/Mannequin/Animations/ThirdPerson_Jump.uasset" 3
"../../../../../../Users/conta/Documents/GitHub/Team777-VI/Content/Mannequin/Character/Textures/UE4Man_Logo_N.uasset" 4
"../../../../../../Users/conta/Documents/GitHub/Team777-VI/Content/Mannequin/Character/Textures/T_UE4_Mannequin_Mobile_N.uasset" 5
"../../../../../../Users/conta/Documents/GitHub/Team777-VI/Content/Mannequin/Character/Textures/T_UE4_Mannequin_Mobile_M.uasset" 6
"../../../../../../Users/conta/Documents/GitHub/Team777-VI/Content/Mannequin/Character/Materials/MaterialLayers/T_ML_Aluminum01_N.uasset" 7
"../../../../../../Users/conta/Documents/GitHub/Team777-VI/Content/Mannequin/Character/Materials/MaterialLayers/T_ML_Aluminum01.uasset" 8
"../../../../../../Users/conta/Documents/GitHub/Team777-VI/Content/Mannequin/Character/Materials/MaterialLayers/ML_SoftMetal_UE4.uasset" 9
"../../../../../../Users/conta/Documents/GitHub/Team777-VI/Content/Mannequin/Character/Textures/UE4_LOGO_CARD.uasset" 10
"../../../../../../Users/conta/Documents/GitHub/Team777-VI/Content/Mannequin/Character/Materials/MaterialLayers/ML_Plastic_Shiny_Beige_LOGO.uasset" 11
"../../../../../../Users/conta/Documents/GitHub/Team777-VI/Content/Mannequin/Character/Materials/MaterialLayers/ML_Plastic_Shiny_Beige.uasset" 12
"../../../../../../Users/conta/Documents/GitHub/Team777-VI/Content/Mannequin/Character/Materials/MaterialLayers/T_ML_Rubber_Blue_01_N.uasset" 13
"../../../../../../Users/conta/Documents/GitHub/Team777-VI/Content/Mannequin/Character/Materials/MaterialLayers/T_ML_Rubber_Blue_01_D.uasset" 14
"../../../../../../Users/conta/Documents/GitHub/Team777-VI/Content/Mannequin/Character/Materials/MaterialLayers/ML_GlossyBlack_Latex_UE4.uasset" 15
"../../../Engine/Content/Functions/MaterialLayerFunctions/MatLayerBlend_Simple.uasset" 16
"../../../Engine/Content/Functions/Engine_MaterialFunctions02/Utility/BlendAngleCorrectedNormals.uasset" 17
"../../../Engine/Content/Functions/MaterialLayerFunctions/MatLayerBlend_NormalBlend.uasset" 18
"../../../../../../Users/conta/Documents/GitHub/Team777-VI/Content/Mannequin/Character/Materials/M_UE4Man_Body.uasset" 19
"../../../../../../Users/conta/Documents/GitHub/Team777-VI/Content/Mannequin/Character/Materials/M_UE4Man_ChestLogo.uasset" 20
"../../../../../../Users/conta/Documents/GitHub/Team777-VI/Content/Mannequin/Character/Mesh/SK_Mannequin.uasset" 21
"../../../../../../Users/conta/Documents/GitHub/Team777-VI/Content/Mannequin/Character/Mesh/SK_Mannequin_PhysicsAsset.uasset" 22
"../../../../../../Users/conta/Documents/GitHub/Team777-VI/Content/SideScrollerBP/launchpadminimk2test2__1_.uasset" 23
"../../../../../../Users/conta/Documents/GitHub/Team777-VI/Content/SideScrollerBP/SideScrollerOverview.uasset" 24
"../../../../../../Users/conta/Documents/GitHub/Team777-VI/Content/SideScrollerBP/Meshes/CubeMaterial.uasset" 25
"../../../../../../Users/conta/Documents/GitHub/Team777-VI/Content/SideScrollerBP/Meshes/Ramp_Mesh.uasset" 26
"../../../../../../Users/conta/Documents/GitHub/Team777-VI/Content/SideScrollerBP/Team777/Material/soda_spill.uasset" 27
"../../../../../../Users/conta/Documents/GitHub/Team777-VI/Content/SideScrollerBP/Team777/Material/retry_button.uasset" 28
"../../../../../../Users/conta/Documents/GitHub/Team777-VI/Content/SideScrollerBP/Team777/Material/Main_menu_button.uasset" 29
"../../../../../../Users/conta/Documents/GitHub/Team777-VI/Content/SideScrollerBP/Team777/HUD/Main_Menu.uasset" 30
"../../../../../../Users/conta/Documents/GitHub/Team777-VI/Content/SideScrollerBP/Team777/HUD/timeforsalad.uasset" 31
"../../../../../../Users/conta/Documents/GitHub/Team777-VI/Content/SideScrollerBP/Team777/HUD/timeforsalad_Font.uasset" 32
"../../../../../../Users/conta/Documents/GitHub/Team777-VI/Content/SideScrollerBP/Team777/HUD/Game_Over.uasset" 33
"../../../../../../Users/conta/Documents/GitHub/Team777-VI/Content/SideScrollerBP/Team777/Hazards/PotKillPoints.uasset" 34
"../../Plugins/FX/Niagara/Content/DynamicInputs/Angles/NormalizedAngleToDegrees.uasset" 35
"../../Plugins/FX/Niagara/Content/Modules/Update/Size/ScaleMeshSize.uasset" 36
"../../Plugins/FX/Niagara/Content/Functions/Localspace/SimulationPosition.uasset" 37
"../../Plugins/FX/Niagara/Content/Enums/ENiagaraRandomnessMode.uasset" 38
"../../Plugins/FX/Niagara/Content/Functions/GetRandomInfo.uasset" 39
"../../Plugins/FX/Niagara/Content/Functions/RandomRangeFloat.uasset" 40
"../../Plugins/FX/Niagara/Content/Modules/Spawn/Initialization/InitializeParticle.uasset" 41
"../../Plugins/FX/Niagara/Content/DynamicInputs/UniformRange/UniformRangedFloat.uasset" 42
"../../Plugins/FX/Niagara/Content/Enums/ENiagaraCoordinateSpace.uasset" 43
"../../Plugins/FX/Niagara/Content/Functions/Localspace/TransformBase.uasset" 44
"../../Plugins/FX/Niagara/Content/Functions/Localspace/TransformVector.uasset" 45
"../../Plugins/FX/Niagara/Content/Modules/Update/Forces/GravityForce.uasset" 46
"../../Plugins/FX/Niagara/Content/Modules/Update/Forces/Drag.uasset" 47
"../../Plugins/FX/Niagara/Content/Enums/ENiagaraSystemInactiveMode.uasset" 48
"../../Plugins/FX/Niagara/Content/Enums/ENiagaraMassByVolume.uasset" 49
"../../Plugins/FX/Niagara/Content/Enums/ENiagaraInactiveMode.uasset" 50
"../../Plugins/FX/Niagara/Content/Enums/ENiagaraExpansionMode.uasset" 51
"../../Plugins/FX/Niagara/Content/Enums/ENiagaraEmitterScalabilityMode_Limited.uasset" 52
"../../Plugins/FX/Niagara/Content/Enums/ENiagaraEmitterLifeCycleMode.uasset" 53
"../../Plugins/FX/Niagara/Content/Enums/ENiagara_InfiniteLoopDuration.uasset" 54
"../../Plugins/FX/Niagara/Content/Enums/ENiagara_EmitterStateOptions.uasset" 55
"../../Plugins/FX/Niagara/Content/Modules/Update/Size/ScaleSpriteSize.uasset" 56
"../../Plugins/FX/Niagara/Content/Modules/Update/Mass/CalculateSizeAndRotationalInertiaByMass.uasset" 57
"../../Plugins/FX/Niagara/Content/Modules/Update/Lifetime/ParticleState.uasset" 58
"../../Plugins/FX/Niagara/Content/Modules/Update/Color/Color.uasset" 59
"../../Plugins/FX/Niagara/Content/Functions/System/SystemChangeState.uasset" 60
"../../Plugins/FX/Niagara/Content/Modules/System/SystemState.uasset" 61
"../../Plugins/FX/Niagara/Content/Functions/RandomUnitVector.uasset" 62
"../../Plugins/FX/Niagara/Content/Functions/RandomVector.uasset" 63
"../../Plugins/FX/Niagara/Content/Functions/DirectionAndLengthSafe.uasset" 64
"../../Plugins/FX/Niagara/Content/Functions/NormalizeDistanceRange.uasset" 65
"../../Plugins/FX/Niagara/Content/Functions/DistanceBasedFalloff.uasset" 66
"../../Plugins/FX/Niagara/Content/Modules/Spawn/Velocity/AddVelocityFromPoint.uasset" 67
"../../Plugins/FX/Niagara/Content/Modules/Solvers/SolveForcesAndVelocity.uasset" 68
"../../Plugins/FX/Niagara/Content/Enums/ENiagaraRandomnessEvaluation.uasset" 69
"../../Plugins/FX/Niagara/Content/Functions/V2/CalculateRandomRangeFloat.uasset" 70
"../../Plugins/FX/Niagara/Content/Modules/Emitter/SpawnBurst_Instantaneous.uasset" 71
"../../Plugins/FX/Niagara/Content/Functions/Emitter/EmitterChangeState.uasset" 72
"../../Plugins/FX/Niagara/Content/Enums/ENiagaraExecutionStateManagement.uasset" 73
"../../Plugins/FX/Niagara/Content/Modules/Emitter/EmitterState.uasset" 74
"../../Plugins/FX/Niagara/Content/DynamicInputs/ValueFromCurve/FloatFromCurve.uasset" 75
"../../Plugins/FX/Niagara/Content/DynamicInputs/TypeConversions/Vector2DFromFloat.uasset" 76
"../../Plugins/FX/Niagara/Content/DynamicInputs/Helpers/SimulationPosition.uasset" 77
"../../Plugins/FX/Niagara/Content/DefaultAssets/DefaultSpriteMaterial.uasset" 78
"../../Plugins/FX/Niagara/Content/Enums/ENiagaraTorusDistributionMode.uasset" 79
"../../Plugins/FX/Niagara/Content/Functions/RandomPointInSphere.uasset" 80
"../../Plugins/FX/Niagara/Content/Modules/Spawn/Location/SphereLocation.uasset" 81
"../../../../../../Users/conta/Documents/GitHub/Team777-VI/Content/SideScrollerBP/Team777/Particles/TheKilnBoss/DeathBurst.uasset" 82
"../../../Engine/Content/Animation/DefaultAnimCurveCompressionSettings.uasset" 83
"../../../Engine/Content/Animation/DefaultAnimBoneCompressionSettings.uasset" 84
"../../../../../../Users/conta/Documents/GitHub/Team777-VI/Content/SideScrollerBP/Team777/Enemies/asset_boss_Skeleton.uasset" 85
"../../../../../../Users/conta/Documents/GitHub/Team777-VI/Content/SideScrollerBP/Team777/Enemies/asset_potbaby_Anim.uasset" 86
"../../../../../../Users/conta/Documents/GitHub/Team777-VI/Content/SideScrollerBP/Team777/Enemies/asset_potbaby_PhysicsAsset.uasset" 87
"../../../../../../Users/conta/Documents/GitHub/Team777-VI/Content/SideScrollerBP/Team777/Enemies/t_potenemy.uasset" 88
"../../../../../../Users/conta/Documents/GitHub/Team777-VI/Content/SideScrollerBP/Team777/Enemies/t_potenemy_Mat.uasset" 89
"../../../../../../Users/conta/Documents/GitHub/Team777-VI/Content/SideScrollerBP/Team777/Enemies/asset_potbaby.uasset" 90
"../../../../../../Users/conta/Documents/GitHub/Team777-VI/Content/SideScrollerBP/Team777/Meshes/Material__7312.uasset" 91
"../../../../../../Users/conta/Documents/GitHub/Team777-VI/Content/SideScrollerBP/Team777/Meshes/Material__7311.uasset" 92
"../../../../../../Users/conta/Documents/GitHub/Team777-VI/Content/SideScrollerBP/Team777/Meshes/Torch.uasset" 93
"../../../../../../Users/conta/Documents/GitHub/Team777-VI/Content/SideScrollerBP/Team777/Meshes/Material__3316.uasset" 94
"../../../../../../Users/conta/Documents/GitHub/Team777-VI/Content/SideScrollerBP/Team777/Hazards/01_-_Default.uasset" 95
"../../../../../../Users/conta/Documents/GitHub/Team777-VI/Content/SideScrollerBP/Team777/Torch.uasset" 96
"../../../../../../Users/conta/Documents/GitHub/Team777-VI/Content/SideScrollerBP/Team777/Hazards/PotEnemy.uasset" 97
"../../../../../../Users/conta/Documents/GitHub/Team777-VI/Content/SideScrollerBP/Team777/Material/t_burnhole.uasset" 98
"../../../../../../Users/conta/Documents/GitHub/Team777-VI/Content/SideScrollerBP/Team777/Material/m_burnhole.uasset" 99
"../../../../../../Users/conta/Documents/GitHub/Team777-VI/Content/SideScrollerBP/Team777/Material/Fire_material.uasset" 100
"../../../../../../Users/conta/Documents/GitHub/Team777-VI/Content/SideScrollerBP/Team777/Material/Fire_material_Mat.uasset" 101
"../../Plugins/FX/Niagara/Content/Functions/Math/RemapValueRange.uasset" 102
"../../Plugins/FX/Niagara/Content/Functions/Rotation/MultiplyVectorWithQuaternion.uasset" 103
"../../Plugins/FX/Niagara/Content/Functions/Rotation/FindQuatBetween.uasset" 104
"../../Plugins/FX/Niagara/Content/Functions/PolarToCartesianCoordinates.uasset" 105
"../../Plugins/FX/Niagara/Content/Functions/RandomVectorInCone.uasset" 106
"../../Plugins/FX/Niagara/Content/Modules/Spawn/Velocity/AddVelocityInCone.uasset" 107
"../../Plugins/FX/Niagara/Content/Modules/Solvers/ApplyInitialForces.uasset" 108
"../../Plugins/FX/Niagara/Content/Modules/Emitter/SpawnRate.uasset" 109
"../../Plugins/FX/Niagara/Content/Enums/ENiagaraSphereDistributionMode.uasset" 110
"../../Plugins/FX/Niagara/Content/Enums/ENiagaraScaleColorMode.uasset" 111
"../../Plugins/FX/Niagara/Content/Enums/ENiagaraChannelCorrelation.uasset" 112
"../../Plugins/FX/Niagara/Content/Enums/ENiagara_UVFlippingMode.uasset" 113
"../../Plugins/FX/Niagara/Content/Enums/ENiagara_SpriteRotationMode.uasset" 114
"../../Plugins/FX/Niagara/Content/Enums/ENiagara_SizeScaleMode.uasset" 115
"../../Plugins/FX/Niagara/Content/Enums/ENiagara_PositionInitializationMode.uasset" 116
"../../Plugins/FX/Niagara/Content/Enums/ENiagara_LifetimeMode.uasset" 117
"../../Plugins/FX/Niagara/Content/Enums/ENiagara_ColorInitializationMode.uasset" 118
"../../Plugins/FX/Niagara/Content/Modules/Update/Color/ScaleColor.uasset" 119
"../../Plugins/FX/Niagara/Content/Functions/V2/CalculateRandomRange.uasset" 120
"../../Plugins/FX/Niagara/Content/Functions/V2/CalculateRandomPointInSphere.uasset" 121
"../../Plugins/FX/Niagara/Content/Functions/SphericalToCartesianCoordinates.uasset" 122
"../../Plugins/FX/Niagara/Content/Modules/Spawn/Location/V2/SphereLocation.uasset" 123
"../../Plugins/FX/Niagara/Content/Enums/ENiagara_MassInitializationMode.uasset" 124
"../../Plugins/FX/Niagara/Content/Functions/V2/CalculateRandomRangeInteger.uasset" 125
"../../Plugins/FX/Niagara/Content/Functions/V2/CalculateRandomBool.uasset" 126
"../../Plugins/FX/Niagara/Content/Functions/LinearColor/HueShiftLinearColor.uasset" 127
"../../Plugins/FX/Niagara/Content/Modules/Spawn/Initialization/V2/InitializeParticle.uasset" 128
"../../Plugins/FX/Niagara/Content/DynamicInputs/UniformRange/V2/RandomRangeFloat.uasset" 129
"../../../../../../Users/conta/Documents/GitHub/Team777-VI/Content/SideScrollerBP/Team777/Particles/Flame_obstacle/Flames.uasset" 130
"../../../Engine/Content/EngineMaterials/T_Default_Material_Grid_N.uasset" 131
"../../../Engine/Content/EngineMaterials/T_Default_Material_Grid_M.uasset" 132
"../../../Engine/Content/Functions/Engine_MaterialFunctions01/Opacity/CameraDepthFade.uasset" 133
"../../../Engine/Content/EngineMaterials/WorldGridMaterial.uasset" 134
"../../../Engine/Content/BasicShapes/Plane.uasset" 135
"../../../../../../Users/conta/Documents/GitHub/Team777-VI/Content/SideScrollerBP/Team777/Hazards/BurnCircle.uasset" 136
"../../../../../../Users/conta/Documents/GitHub/Team777-VI/Content/SideScrollerBP/Team777/Audio/mixkit-player-losing-or-failing-2042.uasset" 137
"../../../../../../Users/conta/Documents/GitHub/Team777-VI/Content/SideScrollerBP/Team777/Audio/Game_Over.uasset" 138
"../../../../../../Users/conta/Documents/GitHub/Team777-VI/Content/SideScrollerBP/Team777/DamageBox.uasset" 139
"../../../../../../Users/conta/Documents/GitHub/Team777-VI/Content/SideScrollerBP/Team777/Material/White.uasset" 140
"../../../../../../Users/conta/Documents/GitHub/Team777-VI/Content/SideScrollerBP/Team777/Material/popcorn_-_Full.uasset" 141
"../../../../../../Users/conta/Documents/GitHub/Team777-VI/Content/SideScrollerBP/Team777/HUD/Level_HUD.uasset" 142
"../../../../../../Users/conta/Documents/GitHub/Team777-VI/Content/SideScrollerBP/Team777/Audio/EatCrispHardCrunch_PE678005.uasset" 143
"../../../../../../Users/conta/Documents/GitHub/Team777-VI/Content/SideScrollerBP/Team777/Audio/Popcorn_munch.uasset" 144
"../../../../../../Users/conta/Documents/GitHub/Team777-VI/Content/SideScrollerBP/Team777/Material/popcorn_-_Full_Mat.uasset" 145
"../../../Engine/Content/EditorBlueprintResources/StandardMacros.uasset" 146
"../../../../../../Users/conta/Documents/GitHub/Team777-VI/Content/SideScrollerBP/Team777/Health_Pickup.uasset" 147
"../../../../../../Users/conta/Documents/GitHub/Team777-VI/Content/Mannequin/Animations/ThirdPersonWalk.uasset" 148
"../../../../../../Users/conta/Documents/GitHub/Team777-VI/Content/Mannequin/Animations/ThirdPersonRun.uasset" 149
"../../../../../../Users/conta/Documents/GitHub/Team777-VI/Content/Mannequin/Animations/ThirdPersonIdle.uasset" 150
"../../../../../../Users/conta/Documents/GitHub/Team777-VI/Content/Mannequin/Animations/ThirdPerson_IdleRun_2D.uasset" 151
"../../../../../../Users/conta/Documents/GitHub/Team777-VI/Content/Mannequin/Animations/ThirdPersonJump_Start.uasset" 152
"../../../../../../Users/conta/Documents/GitHub/Team777-VI/Content/Mannequin/Animations/ThirdPersonJump_Loop.uasset" 153
"../../../../../../Users/conta/Documents/GitHub/Team777-VI/Content/Mannequin/Animations/ThirdPersonJump_End.uasset" 154
"../../../../../../Users/conta/Documents/GitHub/Team777-VI/Content/Mannequin/Animations/ThirdPerson_AnimBP.uasset" 155
"../../../../../../Users/conta/Documents/GitHub/Team777-VI/Content/Geometry/Meshes/1M_Cube_Chamfer.uasset" 156
"../../../../../../Users/conta/Documents/GitHub/Team777-VI/Content/SideScrollerBP/Team777/Mobile/UI_TorchAttack.uasset" 157
"../../../../../../Users/conta/Documents/GitHub/Team777-VI/Content/SideScrollerBP/Team777/Mobile/UI_RightArrow.uasset" 158
"../../../../../../Users/conta/Documents/GitHub/Team777-VI/Content/SideScrollerBP/Team777/Mobile/UI_LeftArrow.uasset" 159
"../../../../../../Users/conta/Documents/GitHub/Team777-VI/Content/SideScrollerBP/Team777/Mobile/UI_PopcornNew.uasset" 160
"../../../../../../Users/conta/Documents/GitHub/Team777-VI/Content/SideScrollerBP/Team777/Mobile/TouchControls.uasset" 161
"../../../../../../Users/conta/Documents/GitHub/Team777-VI/Content/SideScrollerBP/Team777/Player/Walk_Skeleton.uasset" 162
"../../../../../../Users/conta/Documents/GitHub/Team777-VI/Content/SideScrollerBP/Team777/Player/Walk_PhysicsAsset.uasset" 163
"../../../../../../Users/conta/Documents/GitHub/Team777-VI/Content/SideScrollerBP/Team777/Player/lambert1.uasset" 164
"../../../../../../Users/conta/Documents/GitHub/Team777-VI/Content/SideScrollerBP/Team777/Player/Walk.uasset" 165
"../../../../../../Users/conta/Documents/GitHub/Team777-VI/Content/SideScrollerBP/Team777/Player/Main_Character_Diffuse_Map.uasset" 166
"../../../../../../Users/conta/Documents/GitHub/Team777-VI/Content/SideScrollerBP/Team777/Player/Main_Character_Diffuse_Map_Mat.uasset" 167
"../../../../../../Users/conta/Documents/GitHub/Team777-VI/Content/SideScrollerBP/Team777/Player/Walk_Anim_mixamo_com.uasset" 168
"../../../../../../Users/conta/Documents/GitHub/Team777-VI/Content/SideScrollerBP/Team777/Player/CharacterBlueprint.uasset" 169
"../../../../../../Users/conta/Documents/GitHub/Team777-VI/Content/SideScrollerBP/Team777/CharacterBlueprint.uasset" 170
"../../../../../../Users/conta/Documents/GitHub/Team777-VI/Content/SideScrollerBP/Team777/SideScrollerCharacter.uasset" 171
"../../../../../../Users/conta/Documents/GitHub/Team777-VI/Content/SideScrollerBP/Team777/SideScrollerCharacter_C.uasset" 172
"../../../../../../Users/conta/Documents/GitHub/Team777-VI/Content/SideScrollerBP/Team777/SideScrollerGameMode.uasset" 173
"../../../../../../Users/conta/Documents/GitHub/Team777-VI/Content/SideScrollerBP/Team777/Audio/test.uasset" 174
"../../../../../../Users/conta/Documents/GitHub/Team777-VI/Content/SideScrollerBP/Team777/Enemies/01_-_Default.uasset" 175
"../../../../../../Users/conta/Documents/GitHub/Team777-VI/Content/SideScrollerBP/Team777/Enemies/14_-_Polished_Aluminum.uasset" 176
"../../Plugins/FX/Niagara/Content/Functions/RandomPointInBox.uasset" 177
"../../Plugins/FX/Niagara/Content/Functions/IsolateLongestVectorComponent.uasset" 178
"../../Plugins/FX/Niagara/Content/Functions/Rotation/RotateAngleOnAxis.uasset" 179
"../../Plugins/FX/Niagara/Content/Modules/Spawn/Location/BoxLocation.uasset" 180
"../../Plugins/FX/Niagara/Content/VectorFields/Assets/TilingCurl32.uasset" 181
"../../Plugins/FX/Niagara/Content/Enums/ENiagaraCurlNoiseQuality.uasset" 182
"../../Plugins/FX/Niagara/Content/VectorFields/Assets/TilingCurl64.uasset" 183
"../../Plugins/FX/Niagara/Content/VectorFields/Assets/TilingCurl16.uasset" 184
"../../Plugins/FX/Niagara/Content/Functions/FindAngleBetweenVectors.uasset" 185
"../../Plugins/FX/Niagara/Content/Functions/V2/RemapRange.uasset" 186
"../../Plugins/FX/Niagara/Content/Functions/V2/ConeMask.uasset" 187
"../../Plugins/FX/Niagara/Content/Functions/Masks/ConeMask.uasset" 188
"../../Plugins/FX/Niagara/Content/Modules/Update/Forces/CurlNoiseForce.uasset" 189
"../../../../../../Users/conta/Documents/GitHub/Team777-VI/Content/SideScrollerBP/Team777/Particles/TheKilnBoss/GeneralAnger.uasset" 190
"../../Plugins/FX/Niagara/Content/Enums/ENiagaraTorusMode.uasset" 191
"../../Plugins/FX/Niagara/Content/Modules/Update/Velocity/VortexVelocity.uasset" 192
"../../Plugins/FX/Niagara/Content/Functions/Rotation/AxisAngleToQuaternion.uasset" 193
"../../Plugins/FX/Niagara/Content/Functions/RandomRange.uasset" 194
"../../Plugins/FX/Niagara/Content/Functions/ParametricTorusKnot.uasset" 195
"../../Plugins/FX/Niagara/Content/Functions/ParametricTorus.uasset" 196
"../../Plugins/FX/Niagara/Content/Functions/Rotation/MultiplyQuaternion.uasset" 197
"../../Plugins/FX/Niagara/Content/Modules/Spawn/Location/TorusLocation.uasset" 198
"../../../../../../Users/conta/Documents/GitHub/Team777-VI/Content/SideScrollerBP/Team777/Particles/SpikeyBoi/Warning.uasset" 199
"../../../../../../Users/conta/Documents/GitHub/Team777-VI/Content/SideScrollerBP/Team777/Material/ShinyMetal.uasset" 200
"../../Plugins/FX/Niagara/Content/DefaultAssets/M_Gnomon.uasset" 201
"../../Plugins/FX/Niagara/Content/DefaultAssets/S_Arrow.uasset" 202
"../../Plugins/FX/Niagara/Content/Enums/ENiagaraMeshTransforms.uasset" 203
"../../Plugins/FX/Niagara/Content/Modules/Solvers/ApplyRotationVector.uasset" 204
"../../Plugins/FX/Niagara/Content/Modules/Spawn/Orientation/V3/InitialMeshOrientation.uasset" 205
"../../Plugins/FX/Niagara/Content/Modules/Spawn/Orientation/V2/InitialMeshOrientation.uasset" 206
"../../Plugins/FX/Niagara/Content/DynamicInputs/TypeConversions/VectorFromFloat.uasset" 207
"../../../../../../Users/conta/Documents/GitHub/Team777-VI/Content/SideScrollerBP/Team777/Particles/SpikeyBoi/SpikeBurst.uasset" 208
"../../../../../../Users/conta/Documents/GitHub/Team777-VI/Content/SideScrollerBP/Team777/Enemies/RestartLevel.uasset" 209
"../../../../../../Users/conta/Documents/GitHub/Team777-VI/Content/SideScrollerBP/Team777/Enemies/asset_boss_Anim.uasset" 210
"../../../../../../Users/conta/Documents/GitHub/Team777-VI/Content/SideScrollerBP/Team777/Enemies/asset_boss_PhysicsAsset.uasset" 211
"../../../../../../Users/conta/Documents/GitHub/Team777-VI/Content/SideScrollerBP/Team777/Enemies/asset_boss.uasset" 212
"../../../../../../Users/conta/Documents/GitHub/Team777-VI/Content/SideScrollerBP/Team777/Enemies/ET4_SpikeyBoss.uasset" 213
"../../../../../../Users/conta/Documents/GitHub/Team777-VI/Content/SideScrollerBP/Team777/Enemies/EnemySpawner.uasset" 214
"../../../Engine/Content/EngineMaterials/DefaultMaterial.uasset" 215
"../../../Engine/Content/BasicShapes/Cylinder.uasset" 216
"../../../../../../Users/conta/Documents/GitHub/Team777-VI/Content/SideScrollerBP/Team777/Material/Red.uasset" 217
"../../../../../../Users/conta/Documents/GitHub/Team777-VI/Content/Geometry/Meshes/1M_Cube.uasset" 218
"../../Plugins/FX/Niagara/Content/DynamicInputs/ValueFromCurve/VectorFromCurve.uasset" 219
"../../../../../../Users/conta/Documents/GitHub/Team777-VI/Content/SideScrollerBP/Team777/Particles/TheKilnBoss/FlamePillar.uasset" 220
"../../../../../../Users/conta/Documents/GitHub/Team777-VI/Content/SideScrollerBP/Team777/Particles/TheKilnBoss/Embers.uasset" 221
"../../../Engine/Content/BasicShapes/BasicShapeMaterial.uasset" 222
"../../../Engine/Content/BasicShapes/Cube.uasset" 223
"../../../../../../Users/conta/Documents/GitHub/Team777-VI/Content/SideScrollerBP/Team777/Enemies/oldBosses/ET2_DamageZones.uasset" 224
"../../../../../../Users/conta/Documents/GitHub/Team777-VI/Content/SideScrollerBP/Team777/Enemies/ET1_.uasset" 225
"../../../../../../Users/conta/Documents/GitHub/Team777-VI/Content/SideScrollerBP/Team777/Enemies/ET1__C.uasset" 226
"../../../../../../Users/conta/Documents/GitHub/Team777-VI/Content/SideScrollerBP/Team777/Meshes/t_platform.uasset" 227
"../../../../../../Users/conta/Documents/GitHub/Team777-VI/Content/SideScrollerBP/Team777/Meshes/01_-_Default.uasset" 228
"../../../../../../Users/conta/Documents/GitHub/Team777-VI/Content/SideScrollerBP/Team777/Enemies/Flame_obstacle.uasset" 229
"../../../../../../Users/conta/Documents/GitHub/Team777-VI/Content/SideScrollerBP/Team777/Enemies/oldBosses/ET1_FirstTest.uasset" 230
"../../../../../../Users/conta/Documents/GitHub/Team777-VI/Content/SideScrollerBP/Team777/Enemies/oldBosses/ET3_Killable.uasset" 231
"../../../../../../Users/conta/Documents/GitHub/Team777-VI/Content/SideScrollerBP/Team777/Enemies/oldBosses/ET3_KillablewithRandom.uasset" 232
"../../../../../../Users/conta/Documents/GitHub/Team777-VI/Content/SideScrollerBP/Team777/Hazards/sm_potenemy.uasset" 233
"../../../../../../Users/conta/Documents/GitHub/Team777-VI/Content/SideScrollerBP/Team777/Hazards/TimerTest.uasset" 234
"../../../../../../Users/conta/Documents/GitHub/Team777-VI/Content/SideScrollerBP/Team777/Intro/video_teamlogo.uasset" 235
"../../../../../../Users/conta/Documents/GitHub/Team777-VI/Content/SideScrollerBP/Team777/Intro/IntroPlaylist.uasset" 236
"../../../../../../Users/conta/Documents/GitHub/Team777-VI/Content/SideScrollerBP/Team777/Intro/TeamLogo.uasset" 237
"../../../../../../Users/conta/Documents/GitHub/Team777-VI/Content/SideScrollerBP/Team777/Intro/TeamLogo_Video.uasset" 238
"../../../../../../Users/conta/Documents/GitHub/Team777-VI/Content/SideScrollerBP/Team777/Intro/TeamLogo_Video_Mat.uasset" 239
"../../../../../../Users/conta/Documents/GitHub/Team777-VI/Content/SideScrollerBP/Team777/Tracks/Level1_Starwars.uasset" 240
"../../../../../../Users/conta/Documents/GitHub/Team777-VI/Content/SideScrollerBP/Team777/Levels/Level1_Starwars.uasset" 241
"../../../../../../Users/conta/Documents/GitHub/Team777-VI/Content/SideScrollerBP/Team777/Material/reel-uv.uasset" 242
"../../../../../../Users/conta/Documents/GitHub/Team777-VI/Content/SideScrollerBP/Team777/Material/Film_reel.uasset" 243
"../../../../../../Users/conta/Documents/GitHub/Team777-VI/Content/SideScrollerBP/Team777/Meshes/lambert1.uasset" 244
"../../../../../../Users/conta/Documents/GitHub/Team777-VI/Content/SideScrollerBP/Team777/Meshes/Main_Character.uasset" 245
"../../../../../../Users/conta/Documents/GitHub/Team777-VI/Content/SideScrollerBP/Team777/Meshes/Material__3314.uasset" 246
"../../../../../../Users/conta/Documents/GitHub/Team777-VI/Content/SideScrollerBP/Team777/Meshes/Material__3315.uasset" 247
"../../../../../../Users/conta/Documents/GitHub/Team777-VI/Content/SideScrollerBP/Team777/Meshes/Material__3317.uasset" 248
"../../../../../../Users/conta/Documents/GitHub/Team777-VI/Content/SideScrollerBP/Team777/Meshes/Material__3318.uasset" 249
"../../../../../../Users/conta/Documents/GitHub/Team777-VI/Content/SideScrollerBP/Team777/Meshes/Material__3345.uasset" 250
"../../../../../../Users/conta/Documents/GitHub/Team777-VI/Content/SideScrollerBP/Team777/Meshes/Material__3359.uasset" 251
"../../../../../../Users/conta/Documents/GitHub/Team777-VI/Content/SideScrollerBP/Team777/Meshes/Material__3360.uasset" 252
"../../../../../../Users/conta/Documents/GitHub/Team777-VI/Content/SideScrollerBP/Team777/Meshes/Material__3361.uasset" 253
"../../../../../../Users/conta/Documents/GitHub/Team777-VI/Content/SideScrollerBP/Team777/Meshes/Material__3362.uasset" 254
"../../../../../../Users/conta/Documents/GitHub/Team777-VI/Content/SideScrollerBP/Team777/Meshes/Material__3372.uasset" 255
"../../../../../../Users/conta/Documents/GitHub/Team777-VI/Content/SideScrollerBP/Team777/Meshes/Material__3373.uasset" 256
"../../../../../../Users/conta/Documents/GitHub/Team777-VI/Content/SideScrollerBP/Team777/Meshes/Material__3374.uasset" 257
"../../../../../../Users/conta/Documents/GitHub/Team777-VI/Content/SideScrollerBP/Team777/Meshes/Material__3375.uasset" 258
"../../../../../../Users/conta/Documents/GitHub/Team777-VI/Content/SideScrollerBP/Team777/Meshes/Material__3376.uasset" 259
"../../../../../../Users/conta/Documents/GitHub/Team777-VI/Content/SideScrollerBP/Team777/Meshes/Material__3379.uasset" 260
"../../../../../../Users/conta/Documents/GitHub/Team777-VI/Content/SideScrollerBP/Team777/Meshes/Material__3380.uasset" 261
"../../../../../../Users/conta/Documents/GitHub/Team777-VI/Content/SideScrollerBP/Team777/Meshes/Material__3381.uasset" 262
"../../../../../../Users/conta/Documents/GitHub/Team777-VI/Content/SideScrollerBP/Team777/Meshes/Material__3382.uasset" 263
"../../../../../../Users/conta/Documents/GitHub/Team777-VI/Content/SideScrollerBP/Team777/Meshes/Material__3383.uasset" 264
"../../../../../../Users/conta/Documents/GitHub/Team777-VI/Content/SideScrollerBP/Team777/Meshes/Material__3384.uasset" 265
"../../../../../../Users/conta/Documents/GitHub/Team777-VI/Content/SideScrollerBP/Team777/Meshes/Material__3386.uasset" 266
"../../../../../../Users/conta/Documents/GitHub/Team777-VI/Content/SideScrollerBP/Team777/Meshes/Material__4459.uasset" 267
"../../../../../../Users/conta/Documents/GitHub/Team777-VI/Content/SideScrollerBP/Team777/Meshes/Sword.uasset" 268
"../../../../../../Users/conta/Documents/GitHub/Team777-VI/Content/SideScrollerBP/Team777/Meshes/Modules/ModuleTextures/Bin_Decal.uasset" 269
"../../../../../../Users/conta/Documents/GitHub/Team777-VI/Content/SideScrollerBP/Team777/Meshes/Modules/ModuleTextures/Bin_Decal_Mat.uasset" 270
"../../../../../../Users/conta/Documents/GitHub/Team777-VI/Content/SideScrollerBP/Team777/Meshes/Modules/ModuleTextures/Brown_tree.uasset" 271
"../../../../../../Users/conta/Documents/GitHub/Team777-VI/Content/SideScrollerBP/Team777/Meshes/Modules/ModuleTextures/Brown_tree_Mat.uasset" 272
"../../../../../../Users/conta/Documents/GitHub/Team777-VI/Content/SideScrollerBP/Team777/Meshes/Modules/ModuleTextures/Digestives_logo.uasset" 273
"../../../../../../Users/conta/Documents/GitHub/Team777-VI/Content/SideScrollerBP/Team777/Meshes/Modules/ModuleTextures/Digestives_logo_Mat.uasset" 274
"../../../../../../Users/conta/Documents/GitHub/Team777-VI/Content/SideScrollerBP/Team777/Meshes/Modules/ModuleTextures/digestive_red.uasset" 275
"../../../../../../Users/conta/Documents/GitHub/Team777-VI/Content/SideScrollerBP/Team777/Meshes/Modules/ModuleTextures/digestive_red_Mat.uasset" 276
"../../../../../../Users/conta/Documents/GitHub/Team777-VI/Content/SideScrollerBP/Team777/Meshes/Modules/ModuleTextures/Floor_Bridge_Texture.uasset" 277
"../../../../../../Users/conta/Documents/GitHub/Team777-VI/Content/SideScrollerBP/Team777/Meshes/Modules/ModuleTextures/Floor_Bridge_Texture_Mat.uasset" 278
"../../../../../../Users/conta/Documents/GitHub/Team777-VI/Content/SideScrollerBP/Team777/Meshes/Modules/ModuleTextures/Flour_Packet.uasset" 279
"../../../../../../Users/conta/Documents/GitHub/Team777-VI/Content/SideScrollerBP/Team777/Meshes/Modules/ModuleTextures/Flour_Packet_Mat.uasset" 280
"../../../../../../Users/conta/Documents/GitHub/Team777-VI/Content/SideScrollerBP/Team777/Meshes/Modules/ModuleTextures/Grey.uasset" 281
"../../../../../../Users/conta/Documents/GitHub/Team777-VI/Content/SideScrollerBP/Team777/Meshes/Modules/ModuleTextures/Grey_Mat.uasset" 282
"../../../../../../Users/conta/Documents/GitHub/Team777-VI/Content/SideScrollerBP/Team777/Meshes/Modules/ModuleTextures/Kyles_Cola_logo.uasset" 283
"../../../../../../Users/conta/Documents/GitHub/Team777-VI/Content/SideScrollerBP/Team777/Meshes/Modules/ModuleTextures/Kyles_Cola_logo_Mat.uasset" 284
"../../../../../../Users/conta/Documents/GitHub/Team777-VI/Content/SideScrollerBP/Team777/Meshes/Modules/ModuleTextures/lyle_and_luke.uasset" 285
"../../../../../../Users/conta/Documents/GitHub/Team777-VI/Content/SideScrollerBP/Team777/Meshes/Modules/ModuleTextures/lyle_and_luke_Mat.uasset" 286
"../../../../../../Users/conta/Documents/GitHub/Team777-VI/Content/SideScrollerBP/Team777/Meshes/Modules/ModuleTextures/Supermarket_floor.uasset" 287
"../../../../../../Users/conta/Documents/GitHub/Team777-VI/Content/SideScrollerBP/Team777/Meshes/Modules/ModuleTextures/Supermarket_floor_Mat.uasset" 288
"../../../../../../Users/conta/Documents/GitHub/Team777-VI/Content/SideScrollerBP/Team777/Meshes/Modules/ModuleTextures/Supermarket_walls.uasset" 289
"../../../../../../Users/conta/Documents/GitHub/Team777-VI/Content/SideScrollerBP/Team777/Meshes/Modules/ModuleTextures/Supermarket_walls_Mat.uasset" 290
"../../../../../../Users/conta/Documents/GitHub/Team777-VI/Content/SideScrollerBP/Team777/Meshes/Modules/ModuleTextures/Torch_Light.uasset" 291
"../../../../../../Users/conta/Documents/GitHub/Team777-VI/Content/SideScrollerBP/Team777/Meshes/Modules/ModuleTextures/Torch_Light_Mat.uasset" 292
"../../../../../../Users/conta/Documents/GitHub/Team777-VI/Content/SideScrollerBP/Team777/Meshes/Modules/ModuleTextures/Walls_supermarket.uasset" 293
"../../../../../../Users/conta/Documents/GitHub/Team777-VI/Content/SideScrollerBP/Team777/Meshes/Modules/ModuleTextures/Walls_supermarket_Mat.uasset" 294
"../../../../../../Users/conta/Documents/GitHub/Team777-VI/Content/SideScrollerBP/Team777/Mobile/UI_PopcornOld.uasset" 295
"../../../../../../Users/conta/Documents/GitHub/Team777-VI/Content/SideScrollerBP/Team777/Particles/HealthPickup.uasset" 296
"../../../../../../Users/conta/Documents/GitHub/Team777-VI/Content/SideScrollerBP/Team777/Player/Attack_Skeleton.uasset" 297
"../../../../../../Users/conta/Documents/GitHub/Team777-VI/Content/SideScrollerBP/Team777/Player/Attack_PhysicsAsset.uasset" 298
"../../../../../../Users/conta/Documents/GitHub/Team777-VI/Content/SideScrollerBP/Team777/Player/Attack.uasset" 299
"../../../../../../Users/conta/Documents/GitHub/Team777-VI/Content/SideScrollerBP/Team777/Player/Attack_Anim_mixamo_com.uasset" 300
"../../../../../../Users/conta/Documents/GitHub/Team777-VI/Content/SideScrollerBP/Team777/Player/Attack_Anim_Take_001.uasset" 301
"../../../../../../Users/conta/Documents/GitHub/Team777-VI/Content/SideScrollerBP/Team777/Player/Dead_Idle_Skeleton.uasset" 302
"../../../../../../Users/conta/Documents/GitHub/Team777-VI/Content/SideScrollerBP/Team777/Player/Dead_Idle_PhysicsAsset.uasset" 303
"../../../../../../Users/conta/Documents/GitHub/Team777-VI/Content/SideScrollerBP/Team777/Player/Dead_Idle.uasset" 304
"../../../../../../Users/conta/Documents/GitHub/Team777-VI/Content/SideScrollerBP/Team777/Player/Dead_Idle_Anim_mixamo_com.uasset" 305
"../../../../../../Users/conta/Documents/GitHub/Team777-VI/Content/SideScrollerBP/Team777/Player/Dead_Idle_Anim_Take_001.uasset" 306
"../../../../../../Users/conta/Documents/GitHub/Team777-VI/Content/SideScrollerBP/Team777/Player/Dying_Skeleton.uasset" 307
"../../../../../../Users/conta/Documents/GitHub/Team777-VI/Content/SideScrollerBP/Team777/Player/Dying_PhysicsAsset.uasset" 308
"../../../../../../Users/conta/Documents/GitHub/Team777-VI/Content/SideScrollerBP/Team777/Player/Dying.uasset" 309
"../../../../../../Users/conta/Documents/GitHub/Team777-VI/Content/SideScrollerBP/Team777/Player/Dying_Anim_mixamo_com.uasset" 310
"../../../../../../Users/conta/Documents/GitHub/Team777-VI/Content/SideScrollerBP/Team777/Player/Dying_Anim_Take_001.uasset" 311
"../../../../../../Users/conta/Documents/GitHub/Team777-VI/Content/SideScrollerBP/Team777/Player/Walk_Anim_Take_001.uasset" 312
"../../../../../../Users/conta/Documents/GitHub/Team777-VI/Content/SideScrollerBP/Team777/Meshes/Modules/ModuleTextures/Oranges.uasset" 313
"../../../../../../Users/conta/Documents/GitHub/Team777-VI/Content/SideScrollerBP/Team777/Meshes/Modules/ModuleTextures/Oranges_Mat.uasset" 314
"../../../../../../Users/conta/Documents/GitHub/Team777-VI/Content/SideScrollerBP/Team777/Meshes/Modules/ModuleTextures/Market_Roof_2.uasset" 315
"../../../../../../Users/conta/Documents/GitHub/Team777-VI/Content/SideScrollerBP/Team777/Meshes/Modules/ModuleTextures/Market_Roof_2_Mat.uasset" 316
"../../../../../../Users/conta/Documents/GitHub/Team777-VI/Content/SideScrollerBP/Team777/Meshes/Modules/ModuleTextures/Market_Roof_1.uasset" 317
"../../../../../../Users/conta/Documents/GitHub/Team777-VI/Content/SideScrollerBP/Team777/Meshes/Modules/ModuleTextures/Market_Roof_1_Mat.uasset" 318
"../../../../../../Users/conta/Documents/GitHub/Team777-VI/Content/SideScrollerBP/Team777/Meshes/Modules/ModuleTextures/Apples.uasset" 319
"../../../../../../Users/conta/Documents/GitHub/Team777-VI/Content/SideScrollerBP/Team777/Meshes/Modules/ModuleTextures/Apples_Mat.uasset" 320
"../../../../../../Users/conta/Documents/GitHub/Team777-VI/Content/SideScrollerBP/Team777/Meshes/Modules/ModuleTextures/Windows.uasset" 321
"../../../../../../Users/conta/Documents/GitHub/Team777-VI/Content/SideScrollerBP/Team777/Meshes/Modules/ModuleTextures/Windows_Mat.uasset" 322
"../../../../../../Users/conta/Documents/GitHub/Team777-VI/Content/SideScrollerBP/Team777/Meshes/Modules/ModuleTextures/Window.uasset" 323
"../../../../../../Users/conta/Documents/GitHub/Team777-VI/Content/SideScrollerBP/Team777/Meshes/Modules/ModuleTextures/Window_Mat.uasset" 324
"../../../../../../Users/conta/Documents/GitHub/Team777-VI/Content/SideScrollerBP/Team777/Meshes/Modules/ModuleTextures/Pavement.uasset" 325
"../../../../../../Users/conta/Documents/GitHub/Team777-VI/Content/SideScrollerBP/Team777/Meshes/Modules/ModuleTextures/Pavement_Mat.uasset" 326
"../../../../../../Users/conta/Documents/GitHub/Team777-VI/Content/SideScrollerBP/Team777/Meshes/Modules/ModuleTextures/new_window.uasset" 327
"../../../../../../Users/conta/Documents/GitHub/Team777-VI/Content/SideScrollerBP/Team777/Meshes/Modules/ModuleTextures/new_window_Mat.uasset" 328
"../../../../../../Users/conta/Documents/GitHub/Team777-VI/Content/SideScrollerBP/Team777/Meshes/Modules/ModuleTextures/Green.uasset" 329
"../../../../../../Users/conta/Documents/GitHub/Team777-VI/Content/SideScrollerBP/Team777/Meshes/Modules/ModuleTextures/Green_Mat.uasset" 330
"../../../../../../Users/conta/Documents/GitHub/Team777-VI/Content/SideScrollerBP/Team777/Meshes/Modules/ModuleTextures/Brown.uasset" 331
"../../../../../../Users/conta/Documents/GitHub/Team777-VI/Content/SideScrollerBP/Team777/Meshes/Modules/ModuleTextures/Brown_Mat.uasset" 332
"../../../../../../Users/conta/Documents/GitHub/Team777-VI/Content/SideScrollerBP/Team777/Meshes/Modules/ModuleTextures/Bin_Grey.uasset" 333
"../../../../../../Users/conta/Documents/GitHub/Team777-VI/Content/SideScrollerBP/Team777/Meshes/Modules/ModuleTextures/Bin_Grey_Mat.uasset" 334
"../../../../../../Users/conta/Documents/GitHub/Team777-VI/Content/SideScrollerBP/Team777/Meshes/Modules/ModuleTextures/Red_fruit.uasset" 335
"../../../../../../Users/conta/Documents/GitHub/Team777-VI/Content/SideScrollerBP/Team777/Meshes/Modules/ModuleTextures/Red_fruit_Mat.uasset" 336
"../../../../../../Users/conta/Documents/GitHub/Team777-VI/Content/SideScrollerBP/Team777/Meshes/Modules/ModuleTextures/Mural.uasset" 337
"../../../../../../Users/conta/Documents/GitHub/Team777-VI/Content/SideScrollerBP/Team777/Meshes/Modules/ModuleTextures/Mural_Mat.uasset" 338
"../../../../../../Users/conta/Documents/GitHub/Team777-VI/Content/SideScrollerBP/Team777/Meshes/Modules/ModuleTextures/Fish_Grey.uasset" 339
"../../../../../../Users/conta/Documents/GitHub/Team777-VI/Content/SideScrollerBP/Team777/Meshes/Modules/ModuleTextures/Fish_Grey_Mat.uasset" 340
"../../../../../../Users/conta/Documents/GitHub/Team777-VI/Content/SideScrollerBP/Team777/Meshes/Modules/ModuleTextures/Blue_Building.uasset" 341
"../../../../../../Users/conta/Documents/GitHub/Team777-VI/Content/SideScrollerBP/Team777/Meshes/Modules/ModuleTextures/Blue_Building_Mat.uasset" 342
"../../../../../../Users/conta/Documents/GitHub/Team777-VI/Content/SideScrollerBP/Team777/Meshes/Modules/ModuleTextures/Black.uasset" 343
"../../../../../../Users/conta/Documents/GitHub/Team777-VI/Content/SideScrollerBP/Team777/Meshes/Modules/ModuleTextures/Black_Mat.uasset" 344
"../../../../../../Users/conta/Documents/GitHub/Team777-VI/Content/SideScrollerBP/Team777/Meshes/Modules/ModuleTextures/Bank_Sign.uasset" 345
"../../../../../../Users/conta/Documents/GitHub/Team777-VI/Content/SideScrollerBP/Team777/Meshes/Modules/ModuleTextures/Bank_Sign_Mat.uasset" 346
"../../../../../../Users/conta/Documents/GitHub/Team777-VI/Content/SideScrollerBP/Team777/Meshes/Modules/ModuleTextures/Building_acc_2.uasset" 347
"../../../../../../Users/conta/Documents/GitHub/Team777-VI/Content/SideScrollerBP/Team777/Meshes/Modules/ModuleTextures/Building_acc_2_Mat.uasset" 348
"../../../../../../Users/conta/Documents/GitHub/Team777-VI/Content/SideScrollerBP/Team777/Meshes/Modules/ModuleTextures/Bench_Decal.uasset" 349
"../../../../../../Users/conta/Documents/GitHub/Team777-VI/Content/SideScrollerBP/Team777/Meshes/Modules/ModuleTextures/Bench_Decal_Mat.uasset" 350
"../../../../../../Users/conta/Documents/GitHub/Team777-VI/Content/SideScrollerBP/Team777/Meshes/Modules/ModuleTextures/Floor_texture.uasset" 351
"../../../../../../Users/conta/Documents/GitHub/Team777-VI/Content/SideScrollerBP/Team777/Meshes/Modules/ModuleTextures/Floor_texture_Mat.uasset" 352
"../../../../../../Users/conta/Documents/GitHub/Team777-VI/Content/SideScrollerBP/Team777/Meshes/Modules/ModuleTextures/wall_texture.uasset" 353
"../../../../../../Users/conta/Documents/GitHub/Team777-VI/Content/SideScrollerBP/Team777/Meshes/Modules/ModuleTextures/wall_texture_Mat.uasset" 354
"../../../../../../Users/conta/Documents/GitHub/Team777-VI/Content/SideScrollerBP/Team777/Meshes/Modules/Third_Module.uasset" 355
"../../../../../../Users/conta/Documents/GitHub/Team777-VI/Content/SideScrollerBP/Team777/Meshes/Modules/ModuleTextures/Nahbros_logo.uasset" 356
"../../../../../../Users/conta/Documents/GitHub/Team777-VI/Content/SideScrollerBP/Team777/Meshes/Modules/ModuleTextures/Nahbros_logo_Mat.uasset" 357
"../../../../../../Users/conta/Documents/GitHub/Team777-VI/Content/SideScrollerBP/Team777/Meshes/Modules/ModuleTextures/Cineworld_logo.uasset" 358
"../../../../../../Users/conta/Documents/GitHub/Team777-VI/Content/SideScrollerBP/Team777/Meshes/Modules/ModuleTextures/Cineworld_logo_Mat.uasset" 359
"../../../../../../Users/conta/Documents/GitHub/Team777-VI/Content/SideScrollerBP/Team777/Meshes/Modules/ModuleTextures/Chorizo_logo.uasset" 360
"../../../../../../Users/conta/Documents/GitHub/Team777-VI/Content/SideScrollerBP/Team777/Meshes/Modules/ModuleTextures/Chorizo_logo_Mat.uasset" 361
"../../../../../../Users/conta/Documents/GitHub/Team777-VI/Content/SideScrollerBP/Team777/Meshes/Modules/ModuleTextures/Burger_Pope_Sign.uasset" 362
"../../../../../../Users/conta/Documents/GitHub/Team777-VI/Content/SideScrollerBP/Team777/Meshes/Modules/ModuleTextures/Burger_Pope_Sign_Mat.uasset" 363
"../../../../../../Users/conta/Documents/GitHub/Team777-VI/Content/SideScrollerBP/Team777/Meshes/Modules/Second_Module.uasset" 364
"../../../../../../Users/conta/Documents/GitHub/Team777-VI/Content/SideScrollerBP/Team777/Tiles/StreetTile6.uasset" 365
"../../../../../../Users/conta/Documents/GitHub/Team777-VI/Content/SideScrollerBP/Team777/Tiles/StreetTile6_B.uasset" 366
"../../../../../../Users/conta/Documents/GitHub/Team777-VI/Content/SideScrollerBP/Team777/Tracks/Level0_Tutorial.uasset" 367
"../../../Engine/Content/ArtTools/RenderToTexture/Meshes/S_1_Unit_Plane.uasset" 368
"../../../Engine/Content/BasicShapes/Cone.uasset" 369
"../../../Engine/Content/BasicShapes/Sphere.uasset" 370
"../../../Engine/Content/EditorLandscapeResources/DataLayer.uasset" 371
"../../../Engine/Content/EditorLandscapeResources/DefaultAlphaTexture.uasset" 372
"../../../Engine/Content/EditorMaterials/MAT_Groups_Toggle.uasset" 373
"../../../Engine/Content/EditorMaterials/MAT_Groups_Visibility.uasset" 374
"../../../Engine/Content/EditorMaterials/PreviewShadowIndicator.uasset" 375
"../../../Engine/Content/EditorMaterials/PreviewShadowIndicatorMaterial.uasset" 376
"../../../Engine/Content/EditorMaterials/MatineeGroups/MAT_ColorTrack.uasset" 377
"../../../Engine/Content/EditorMaterials/MatineeGroups/MAT_Groups_Anim.uasset" 378
"../../../Engine/Content/EditorMaterials/MatineeGroups/MAT_Groups_AudioMaster.uasset" 379
"../../../Engine/Content/EditorMaterials/MatineeGroups/MAT_Groups_Director.uasset" 380
"../../../Engine/Content/EditorMaterials/MatineeGroups/MAT_Groups_Event.uasset" 381
"../../../Engine/Content/EditorMaterials/MatineeGroups/MAT_Groups_Fade.uasset" 382
"../../../Engine/Content/EditorMaterials/MatineeGroups/MAT_Groups_Float.uasset" 383
"../../../Engine/Content/EditorMaterials/MatineeGroups/MAT_Groups_Move.uasset" 384
"../../../Engine/Content/EditorMaterials/MatineeGroups/MAT_Groups_Slomo.uasset" 385
"../../../Engine/Content/EditorMaterials/MatineeGroups/MAT_Groups_Sound.uasset" 386
"../../../Engine/Content/EditorMaterials/MatineeGroups/MAT_Groups_Vector.uasset" 387
"../../../Engine/Content/EditorMaterials/ParticleSystems/PSysThumbnail_NoImage.uasset" 388
"../../../Engine/Content/EditorMaterials/ParticleSystems/PSysThumbnail_OOD.uasset" 389
"../../../Engine/Content/EditorMaterials/Camera/CineMat.uasset" 390
"../../../Engine/Content/EditorMaterials/Camera/MI_CineMat_Rig.uasset" 391
"../../../Engine/Content/EditorMeshes/Camera/SM_CraneRig_Arm.uasset" 392
"../../../Engine/Content/EditorMeshes/Camera/SM_CraneRig_Base.uasset" 393
"../../../Engine/Content/EditorMeshes/Camera/SM_CraneRig_Body.uasset" 394
"../../../Engine/Content/EditorMeshes/Camera/SM_CraneRig_Mount.uasset" 395
"../../../Engine/Content/EditorMeshes/Camera/SM_RailRig_Mount.uasset" 396
"../../../Engine/Content/EditorMeshes/Camera/SM_RailRig_Track.uasset" 397
"../../../Engine/Content/EditorResources/BSPVertex.uasset" 398
"../../../Engine/Content/EditorResources/EmptyActor.uasset" 399
"../../../Engine/Content/EditorResources/S_Actor.uasset" 400
"../../../Engine/Content/EditorResources/S_Note.uasset" 401
"../../../Engine/Content/EditorResources/S_Solver.uasset" 402
"../../../Engine/Content/EditorResources/S_Terrain.uasset" 403
"../../../Engine/Content/EditorResources/S_Trigger.uasset" 404
"../../../Engine/Content/EditorResources/AudioIcons/S_AudioComponent_AutoActivate.uasset" 405
"../../../Engine/Content/EditorResources/SequenceRecorder/Countdown.uasset" 406
"../../../Engine/Content/EditorResources/SequenceRecorder/RecordingIndicator.uasset" 407
"../../../Engine/Content/EngineDamageTypes/DmgTypeBP_Environmental.uasset" 408
"../../../Engine/Content/EngineDebugMaterials/DebugEditorMaterial.uasset" 409
"../../../Engine/Content/EngineDebugMaterials/DebugMeshMaterial.uasset" 410
"../../../Engine/Content/EngineDebugMaterials/M_SimpleUnlitTranslucent.uasset" 411
"../../../Engine/Content/Functions/Engine_MaterialFunctions02/Utility/CameraDirectionVector.uasset" 412
"../../../Engine/Content/EngineDebugMaterials/VolumeToRender.uasset" 413
"../../../Engine/Content/EngineDebugMaterials/M_VolumeRenderSphereTracePP.uasset" 414
"../../../Engine/Content/Functions/Engine_MaterialFunctions01/Shading/ConvertFromDiffSpec.uasset" 415
"../../../Engine/Content/EngineDebugMaterials/VertexColorMaterial.uasset" 416
"../../../Engine/Content/EngineDebugMaterials/WireframeMaterial.uasset" 417
"../../../Engine/Content/EngineFonts/Faces/RobotoRegular.uasset" 418
"../../../Engine/Content/EngineFonts/Faces/RobotoLight.uasset" 419
"../../../Engine/Content/EngineFonts/Faces/RobotoItalic.uasset" 420
"../../../Engine/Content/EngineFonts/Faces/RobotoBoldItalic.uasset" 421
"../../../Engine/Content/EngineFonts/Faces/RobotoBold.uasset" 422
"../../../Engine/Content/EngineFonts/Faces/DroidSansFallback.uasset" 423
"../../../Engine/Content/EngineFonts/Roboto.uasset" 424
"../../../Engine/Content/EngineMaterials/BaseFlattenNormalMap.uasset" 425
"../../../Engine/Content/EngineMaterials/BaseFlattenGrayscaleMap.uasset" 426
"../../../Engine/Content/EngineMaterials/BaseFlattenEmissiveMap.uasset" 427
"../../../Engine/Content/EngineMaterials/BaseFlattenDiffuseMap.uasset" 428
"../../../Engine/Content/EngineMaterials/BaseFlattenMaterial.uasset" 429
"../../../Engine/Content/EngineMaterials/BlueNoise.uasset" 430
"../../../Engine/Content/EngineMaterials/DefaultBloomKernel.uasset" 431
"../../../Engine/Content/EngineMaterials/DefaultBokeh.uasset" 432
"../../../Engine/Content/EngineMaterials/DefaultDiffuse.uasset" 433
"../../../Engine/Content/EngineMaterials/DefaultDeferredDecalMaterial.uasset" 434
"../../../Engine/Content/EngineMaterials/DefaultLightFunctionMaterial.uasset" 435
"../../../Engine/Content/EngineMaterials/DefaultPhysicalMaterial.uasset" 436
"../../../Engine/Content/Functions/Engine_MaterialFunctions02/Utility/BreakOutFloat2Components.uasset" 437
"../../../Engine/Content/EngineMaterials/DefaultPostProcessMaterial.uasset" 438
"../../../Engine/Content/EngineFonts/RobotoDistanceField.uasset" 439
"../../../Engine/Content/EngineMaterials/DefaultTextMaterialOpaque.uasset" 440
"../../../Engine/Content/EngineMaterials/DefaultWhiteGrid.uasset" 441
"../../../Engine/Content/EngineMaterials/DefaultWhiteGrid_Low.uasset" 442
"../../../Engine/Content/EngineMaterials/EmissiveMeshMaterial.uasset" 443
"../../../Engine/Content/EngineMaterials/GizmoMaterial.uasset" 444
"../../../Engine/Content/EngineMaterials/Good64x64TilingNoiseHighFreq.uasset" 445
"../../../Engine/Content/EngineMaterials/MiniFont.uasset" 446
"../../../Engine/Content/EngineMaterials/InvalidLightmapSettings.uasset" 447
"../../../Engine/Content/EngineMaterials/M_InvalidLightmapSettings.uasset" 448
"../../../Engine/Content/Functions/Engine_MaterialFunctions02/WorldPositionOffset/CameraOffset.uasset" 449
"../../../Engine/Content/EngineMaterials/PhAT_JointLimitMaterial.uasset" 450
"../../../Engine/Content/EngineMaterials/PreintegratedSkinBRDF.uasset" 451
"../../../Engine/Content/EngineMaterials/RemoveSurfaceMaterial.uasset" 452
"../../../Engine/Content/EngineMaterials/WeightMapPlaceholderTexture.uasset" 453
"../../../Engine/Content/EngineResources/WhiteSquareTexture.uasset" 454
"../../../Engine/Content/EngineMaterials/Widget3DPassThrough.uasset" 455
"../../../Engine/Content/EngineMaterials/Widget3DPassThrough_Masked.uasset" 456
"../../../Engine/Content/EngineMaterials/Widget3DPassThrough_Opaque.uasset" 457
"../../../Engine/Content/EngineMaterials/Widget3DPassThrough_Masked_OneSided.uasset" 458
"../../../Engine/Content/EngineMaterials/Widget3DPassThrough_Opaque_OneSided.uasset" 459
"../../../Engine/Content/EngineMaterials/Widget3DPassThrough_Translucent.uasset" 460
"../../../Engine/Content/EngineMaterials/Widget3DPassThrough_Translucent_OneSided.uasset" 461
"../../../Engine/Content/EngineMeshes/Cylinder.uasset" 462
"../../../Engine/Content/EngineResources/Black.uasset" 463
"../../../Engine/Content/EngineResources/DefaultTextureCube.uasset" 464
"../../../Engine/Content/EngineResources/DefaultVolumeTexture2D.uasset" 465
"../../../Engine/Content/EngineResources/DefaultVolumeTexture.uasset" 466
"../../../Engine/Content/EngineResources/GradientTexture0.uasset" 467
"../../../Engine/Content/EngineSky/VolumetricClouds/T_NoiseShape64.uasset" 468
"../../../Engine/Content/EngineSky/VolumetricClouds/T_VolumeNoiseShape64.uasset" 469
"../../../Engine/Content/EngineSky/VolumetricClouds/T_NoiseErosion.uasset" 470
"../../../Engine/Content/EngineSky/VolumetricClouds/T_VolumeNoiseErosion32.uasset" 471
"../../../Engine/Content/Functions/Engine_MaterialFunctions02/Utility/MakeFloat2.uasset" 472
"../../../Engine/Content/EngineSky/VolumetricClouds/CloudWeatherTexture.uasset" 473
"../../../Engine/Content/EngineSky/VolumetricClouds/CloudGradientTexture.uasset" 474
"../../../Engine/Content/EngineSky/VolumetricClouds/m_SimpleVolumetricCloud.uasset" 475
"../../../Engine/Content/EngineSky/VolumetricClouds/m_SimpleVolumetricCloud_Inst.uasset" 476
"../../../Engine/Content/EngineSounds/Master.uasset" 477
"../../../Engine/Content/Functions/Engine_MaterialFunctions01/Shading/PowerToRoughness.uasset" 478
"../../../Engine/Content/Maps/Templates/Thumbnails/Default.uasset" 479
"../../../Engine/Content/Maps/Templates/Thumbnails/TimeOfDay.uasset" 480
"../../../Engine/Content/Maps/Templates/Thumbnails/VR-Basic.uasset" 481
"../../../Engine/Content/MobileResources/T_MobileControls_texture.uasset" 482
"../../../Engine/Content/MobileResources/T_MobileMenu2.uasset" 483
"../../../Engine/Content/MobileResources/HUD/AnalogHat.uasset" 484
"../../../Engine/Content/MobileResources/HUD/VirtualJoystick_Thumb.uasset" 485
"../../../Engine/Content/MobileResources/HUD/VirtualJoystick_Background.uasset" 486
"../../../Engine/Content/MobileResources/HUD/DefaultVirtualJoysticks.uasset" 487
"../../../Engine/Content/MobileResources/HUD/LeftVirtualJoystickOnly.uasset" 488
"../../../Engine/Content/MobileResources/HUD/MobileHUDButton1_off.uasset" 489
"../../../Engine/Content/MobileResources/HUD/MobileHUDButton1_on.uasset" 490
"../../../Engine/Content/MobileResources/HUD/MobileHUDButton2_off.uasset" 491
"../../../Engine/Content/MobileResources/HUD/MobileHUDButton2_on.uasset" 492
"../../../Engine/Content/MobileResources/HUD/MobileHUDButton3.uasset" 493
"../../../Engine/Content/MobileResources/HUD/MobileHUDButtonFire.uasset" 494
"../../../Engine/Content/MobileResources/HUD/MobileHUDDirectionPad.uasset" 495
"../../../Engine/Content/MobileResources/HUD/MobileHUDDirectionPad2.uasset" 496
"../../../Engine/Content/MobileResources/HUD/MobileHUDDirectionPad3.uasset" 497
"../../../Engine/Content/MobileResources/HUD/MobileHUDDirectionStick.uasset" 498
"../../../Engine/Content/MobileResources/HUD/T_Castle_ThumbstickInner.uasset" 499
"../../../Engine/Content/MobileResources/HUD/T_Castle_ThumbstickOutter.uasset" 500
"../../../Engine/Content/Tutorial/ContentIntroCurve.uasset" 501
"../../../Engine/Content/Tutorial/Basics/LevelEditorAttract.uasset" 502
"../../../Engine/Content/VREditor/TransformGizmo/TranslucentTransformGizmoMaterial.uasset" 503
"../../../Engine/Content/VREditor/LaserPointer/VR_LaserPower_01.uasset" 504
"../../../Engine/Content/VREditor/TransformGizmo/TransformGizmoMaterial.uasset" 505
"../../../Engine/Content/VREditor/TransformGizmo/BoundingBoxCorner.uasset" 506
"../../../Engine/Content/VREditor/TransformGizmo/BoundingBoxEdge.uasset" 507
"../../../Engine/Content/VREditor/TransformGizmo/PlaneTranslationHandle.uasset" 508
"../../../Engine/Content/VREditor/TransformGizmo/Xray.uasset" 509
"../../../Engine/Content/VREditor/TransformGizmo/Main.uasset" 510
"../../../Engine/Content/VREditor/TransformGizmo/SM_Sequencer_Key.uasset" 511
"../../../Engine/Content/VREditor/TransformGizmo/SM_Sequencer_Node.uasset" 512
"../../Plugins/2D/Paper2D/Content/PlaceholderTextures/DummySpriteTexture.uasset" 513
"../../Plugins/2D/Paper2D/Content/DummySprite.uasset" 514
"../../Plugins/2D/Paper2D/Content/DefaultPaperTerrainMaterial.uasset" 515
"../../Plugins/2D/Paper2D/Content/DefaultSpriteMaterial.uasset" 516
"../../Plugins/2D/Paper2D/Content/MaskedUnlitSpriteMaterial.uasset" 517
"../../Plugins/2D/Paper2D/Content/OpaqueUnlitSpriteMaterial.uasset" 518
"../../../Engine/Content/Functions/Engine_MaterialFunctions02/SafeNormalize.uasset" 519
"../../../Engine/Content/Functions/Engine_MaterialFunctions02/ObjectLocalBounds.uasset" 520
"../../../Engine/Content/Functions/Engine_MaterialFunctions02/Utility/BreakOutFloat3Components.uasset" 521
"../../Plugins/Editor/SpeedTreeImporter/Content/SpeedTree9/UnpackInteger3.uasset" 522
"../../Plugins/Editor/SpeedTreeImporter/Content/SpeedTree9/UnpackDirection.uasset" 523
"../../Plugins/Editor/SpeedTreeImporter/Content/SpeedTree9/game_wind_noise.uasset" 524
"../../Plugins/Editor/SpeedTreeImporter/Content/SpeedTree9/SpeedTreeWindMotion.uasset" 525
"../../Plugins/Editor/SpeedTreeImporter/Content/SpeedTree9/SpeedTreeBranchMotion.uasset" 526
"../../../Engine/Content/Functions/Engine_MaterialFunctions02/UVs/BoundingBoxBased_0-1_UVW.uasset" 527
"../../Plugins/Editor/SpeedTreeImporter/Content/SpeedTree9/SpeedTreeWind.uasset" 528
"../../Plugins/Editor/SpeedTreeImporter/Content/SpeedTree9/SpeedTreeBillboard.uasset" 529
"../../../Engine/Content/EngineResources/DefaultTexture.uasset" 530
"../../Plugins/Editor/SpeedTreeImporter/Content/SpeedTree9/SpeedTreeBillboardMaster.uasset" 531
"../../Plugins/Editor/SpeedTreeImporter/Content/SpeedTree9/SpeedTreeCameraFacing.uasset" 532
"../../Plugins/Editor/SpeedTreeImporter/Content/SpeedTree9/SpeedTreeMaster.uasset" 533
"../../../Engine/Content/ArtTools/RenderToTexture/Materials/Debug/M_Emissive_Color.uasset" 534
"../../Plugins/Lumin/MagicLeapPassableWorld/Content/MagicLeapARPinInfoActor.uasset" 535
"../../../Engine/Content/Functions/Engine_MaterialFunctions02/Utility/MakeFloat3.uasset" 536
"../../../Engine/Content/Functions/Engine_MaterialFunctions02/Utility/BreakOutFloat4Components.uasset" 537
"../../Plugins/Runtime/Oculus/OculusVR/Content/Materials/OculusMR_ChromaKey.uasset" 538
"../../Plugins/Runtime/Oculus/OculusVR/Content/Materials/OculusMR_OpaqueColoredMaterial.uasset" 539
"../../Plugins/Runtime/Oculus/OculusVR/Content/Materials/PokeAHoleMaterial.uasset" 540
"../../../../../../Users/conta/Documents/GitHub/Team777-VI/Content/Maps/Scrolling_BuiltData.uasset" 541
"../../../../../../Users/conta/Documents/GitHub/Team777-VI/Content/Maps/Scrolling.umap" 542
"../../../../../../Users/conta/Documents/GitHub/Team777-VI/Content/SideScrollerBP/Team777/Material/t_track.uasset" 543
"../../../../../../Users/conta/Documents/GitHub/Team777-VI/Content/SideScrollerBP/Team777/Material/t_track_Mat.uasset" 544
"../../../../../../Users/conta/Documents/GitHub/Team777-VI/Content/Maps/Static_BuiltData.uasset" 545
"../../../../../../Users/conta/Documents/GitHub/Team777-VI/Content/SideScrollerBP/Team777/Meshes/t_platform_Mat.uasset" 546
"../../../../../../Users/conta/Documents/GitHub/Team777-VI/Content/SideScrollerBP/Team777/Meshes/sm_platform.uasset" 547
"../../../../../../Users/conta/Documents/GitHub/Team777-VI/Content/SideScrollerBP/Team777/Player/Podium.uasset" 548
"../../../../../../Users/conta/Documents/GitHub/Team777-VI/Content/SideScrollerBP/Team777/sm_reel.uasset" 549
"../../../../../../Users/conta/Documents/GitHub/Team777-VI/Content/SideScrollerBP/Team777/Material/t_reel.uasset" 550
"../../../../../../Users/conta/Documents/GitHub/Team777-VI/Content/SideScrollerBP/Team777/Material/Film_reel2.uasset" 551
"../../../../../../Users/conta/Documents/GitHub/Team777-VI/Content/SideScrollerBP/Team777/Film_Reel_Blueprint.uasset" 552
"../../../../../../Users/conta/Documents/GitHub/Team777-VI/Content/Maps/Static.umap" 553
"../../../../../../Users/conta/Documents/GitHub/Team777-VI/Content/SideScrollerBP/Team777/Audio/gamejam-music.uasset" 554
"../../../../../../Users/conta/Documents/GitHub/Team777-VI/Content/SideScrollerBP/Team777/Audio/cue_bgm.uasset" 555
"../../../Engine/Content/EngineSky/T_Sky_Stars.uasset" 556
"../../../Engine/Content/EngineSky/T_Sky_Clouds_M.uasset" 557
"../../../Engine/Content/EngineSky/T_Sky_Blue.uasset" 558
"../../../Engine/Content/EngineSky/M_Sky_Panning_Clouds2.uasset" 559
"../../../../../../Users/conta/Documents/GitHub/Team777-VI/Content/SideScrollerBP/Maps/Level1_BuiltData.uasset" 560
"../../../../../../Users/conta/Documents/GitHub/Team777-VI/Content/SideScrollerBP/Team777/Meshes/Modules/ModuleTextures/Surgery_sign.uasset" 561
"../../../../../../Users/conta/Documents/GitHub/Team777-VI/Content/SideScrollerBP/Team777/Meshes/Modules/ModuleTextures/Surgery_sign_Mat.uasset" 562
"../../../../../../Users/conta/Documents/GitHub/Team777-VI/Content/SideScrollerBP/Team777/Meshes/Modules/ModuleTextures/Segway_logo.uasset" 563
"../../../../../../Users/conta/Documents/GitHub/Team777-VI/Content/SideScrollerBP/Team777/Meshes/Modules/ModuleTextures/Segway_logo_Mat.uasset" 564
"../../../../../../Users/conta/Documents/GitHub/Team777-VI/Content/SideScrollerBP/Team777/Meshes/Modules/ModuleTextures/Segway_Green.uasset" 565
"../../../../../../Users/conta/Documents/GitHub/Team777-VI/Content/SideScrollerBP/Team777/Meshes/Modules/ModuleTextures/Segway_Green_Mat.uasset" 566
"../../../../../../Users/conta/Documents/GitHub/Team777-VI/Content/SideScrollerBP/Team777/Meshes/Modules/ModuleTextures/Road_Tarmac.uasset" 567
"../../../../../../Users/conta/Documents/GitHub/Team777-VI/Content/SideScrollerBP/Team777/Meshes/Modules/ModuleTextures/Road_Tarmac_Mat.uasset" 568
"../../../../../../Users/conta/Documents/GitHub/Team777-VI/Content/SideScrollerBP/Team777/Meshes/Modules/ModuleTextures/Proud_sign.uasset" 569
"../../../../../../Users/conta/Documents/GitHub/Team777-VI/Content/SideScrollerBP/Team777/Meshes/Modules/ModuleTextures/Proud_sign_Mat.uasset" 570
"../../../../../../Users/conta/Documents/GitHub/Team777-VI/Content/SideScrollerBP/Team777/Meshes/Modules/ModuleTextures/Carpark_floor.uasset" 571
"../../../../../../Users/conta/Documents/GitHub/Team777-VI/Content/SideScrollerBP/Team777/Meshes/Modules/ModuleTextures/Carpark_floor_Mat.uasset" 572
"../../../../../../Users/conta/Documents/GitHub/Team777-VI/Content/SideScrollerBP/Team777/Meshes/Modules/Fifth_Module.uasset" 573
"../../../../../../Users/conta/Documents/GitHub/Team777-VI/Content/SideScrollerBP/Team777/Tiles/StreetTile5.uasset" 574
"../../../../../../Users/conta/Documents/GitHub/Team777-VI/Content/SideScrollerBP/Team777/Meshes/Modules/ModuleTextures/Costsalot.uasset" 575
"../../../../../../Users/conta/Documents/GitHub/Team777-VI/Content/SideScrollerBP/Team777/Meshes/Modules/ModuleTextures/Costsalot_Mat.uasset" 576
"../../../../../../Users/conta/Documents/GitHub/Team777-VI/Content/SideScrollerBP/Team777/Meshes/Modules/ModuleTextures/Bacchus_sign.uasset" 577
"../../../../../../Users/conta/Documents/GitHub/Team777-VI/Content/SideScrollerBP/Team777/Meshes/Modules/ModuleTextures/Bacchus_sign_Mat.uasset" 578
"../../../../../../Users/conta/Documents/GitHub/Team777-VI/Content/SideScrollerBP/Team777/Meshes/Modules/fourth_module.uasset" 579
"../../../../../../Users/conta/Documents/GitHub/Team777-VI/Content/SideScrollerBP/Team777/Tiles/StreetTile4.uasset" 580
"../../../../../../Users/conta/Documents/GitHub/Team777-VI/Content/SideScrollerBP/Team777/Tiles/StreetTile3.uasset" 581
"../../../../../../Users/conta/Documents/GitHub/Team777-VI/Content/SideScrollerBP/Team777/Tiles/StreetTile2.uasset" 582
"../../../../../../Users/conta/Documents/GitHub/Team777-VI/Content/SideScrollerBP/Team777/Meshes/Modules/ModuleTextures/Local_Store_Sign.uasset" 583
"../../../../../../Users/conta/Documents/GitHub/Team777-VI/Content/SideScrollerBP/Team777/Meshes/Modules/ModuleTextures/Local_Store_Sign_Mat.uasset" 584
"../../../../../../Users/conta/Documents/GitHub/Team777-VI/Content/SideScrollerBP/Team777/Meshes/Modules/ModuleTextures/Kebab_house_sign.uasset" 585
"../../../../../../Users/conta/Documents/GitHub/Team777-VI/Content/SideScrollerBP/Team777/Meshes/Modules/ModuleTextures/Kebab_house_sign_Mat.uasset" 586
"../../../../../../Users/conta/Documents/GitHub/Team777-VI/Content/SideScrollerBP/Team777/Meshes/Modules/ModuleTextures/Insurance.uasset" 587
"../../../../../../Users/conta/Documents/GitHub/Team777-VI/Content/SideScrollerBP/Team777/Meshes/Modules/ModuleTextures/Insurance_Mat.uasset" 588
"../../../../../../Users/conta/Documents/GitHub/Team777-VI/Content/SideScrollerBP/Team777/Meshes/Modules/ModuleTextures/Frame.uasset" 589
"../../../../../../Users/conta/Documents/GitHub/Team777-VI/Content/SideScrollerBP/Team777/Meshes/Modules/ModuleTextures/Frame_Mat.uasset" 590
"../../../../../../Users/conta/Documents/GitHub/Team777-VI/Content/SideScrollerBP/Team777/Meshes/Modules/ModuleTextures/Cone.uasset" 591
"../../../../../../Users/conta/Documents/GitHub/Team777-VI/Content/SideScrollerBP/Team777/Meshes/Modules/ModuleTextures/Cone_Mat.uasset" 592
"../../../../../../Users/conta/Documents/GitHub/Team777-VI/Content/SideScrollerBP/Team777/Meshes/Modules/ModuleTextures/Untitled-1.uasset" 593
"../../../../../../Users/conta/Documents/GitHub/Team777-VI/Content/SideScrollerBP/Team777/Meshes/Modules/ModuleTextures/Untitled-1_Mat.uasset" 594
"../../../../../../Users/conta/Documents/GitHub/Team777-VI/Content/SideScrollerBP/Team777/Meshes/Modules/ModuleTextures/Spitfire_Sign.uasset" 595
"../../../../../../Users/conta/Documents/GitHub/Team777-VI/Content/SideScrollerBP/Team777/Meshes/Modules/ModuleTextures/Spitfire_Sign_Mat.uasset" 596
"../../../../../../Users/conta/Documents/GitHub/Team777-VI/Content/SideScrollerBP/Team777/Meshes/Modules/ModuleTextures/road.uasset" 597
"../../../../../../Users/conta/Documents/GitHub/Team777-VI/Content/SideScrollerBP/Team777/Meshes/Modules/ModuleTextures/road_Mat.uasset" 598
"../../../../../../Users/conta/Documents/GitHub/Team777-VI/Content/SideScrollerBP/Team777/Meshes/Modules/ModuleTextures/Orange.uasset" 599
"../../../../../../Users/conta/Documents/GitHub/Team777-VI/Content/SideScrollerBP/Team777/Meshes/Modules/ModuleTextures/Orange_Mat.uasset" 600
"../../../../../../Users/conta/Documents/GitHub/Team777-VI/Content/SideScrollerBP/Team777/Meshes/Modules/ModuleTextures/Oatcakes.uasset" 601
"../../../../../../Users/conta/Documents/GitHub/Team777-VI/Content/SideScrollerBP/Team777/Meshes/Modules/ModuleTextures/Oatcakes_Mat.uasset" 602
"../../../../../../Users/conta/Documents/GitHub/Team777-VI/Content/SideScrollerBP/Team777/Meshes/Modules/Module_1.uasset" 603
"../../../../../../Users/conta/Documents/GitHub/Team777-VI/Content/SideScrollerBP/Team777/Tiles/StreetTile1.uasset" 604
"../../Plugins/FX/Niagara/Content/Functions/Spline/FindPositionOnBezierSpline.uasset" 605
"../../Plugins/FX/Niagara/Content/Modules/Beams/UpdateBeam.uasset" 606
"../../Plugins/FX/Niagara/Content/Functions/NormalizedExecutionIndex.uasset" 607
"../../Plugins/FX/Niagara/Content/Modules/Beams/SpawnBeam.uasset" 608
"../../Plugins/FX/Niagara/Content/Modules/Beams/BeamWidth.uasset" 609
"../../Plugins/FX/Niagara/Content/DynamicInputs/Multiply/Multiply_VectorByFloat.uasset" 610
"../../Plugins/FX/Niagara/Content/Functions/Localspace/TransformPosition.uasset" 611
"../../Plugins/FX/Niagara/Content/Modules/Beams/BeamEmitterSetup.uasset" 612
"../../Plugins/FX/Niagara/Content/DefaultAssets/DefaultRIbbonMaterial.uasset" 613
"../../../../../../Users/conta/Documents/GitHub/Team777-VI/Content/SideScrollerBP/Team777/Particles/TimingMetrePulse.uasset" 614
"../../../../../../Users/conta/Documents/GitHub/Team777-VI/Content/SideScrollerBP/Team777/Player/TimingMetre.uasset" 615
"../../../Engine/Content/EngineSky/SM_SkySphere.uasset" 616
"../../../Engine/Content/EngineSky/C_Sky_Zenith_Color.uasset" 617
"../../../Engine/Content/EngineSky/C_Sky_Horizon_Color.uasset" 618
"../../../Engine/Content/EngineSky/C_Sky_Cloud_Color.uasset" 619
"../../../Engine/Content/EngineSky/BP_Sky_Sphere.uasset" 620
"../../../../../../Users/conta/Documents/GitHub/Team777-VI/Content/SideScrollerBP/Maps/Level1.umap" 621
"../../../../../../Users/conta/Documents/GitHub/Team777-VI/Content/SideScrollerBP/Team777/Tracks/Level2_HarryPotter.uasset" 622
"../../../../../../Users/conta/Documents/GitHub/Team777-VI/Content/SideScrollerBP/Maps/Level2.umap" 623
"../../../../../../Users/conta/Documents/GitHub/Team777-VI/Content/SideScrollerBP/Maps/Level3_BuiltData.uasset" 624
"../../../../../../Users/conta/Documents/GitHub/Team777-VI/Content/SideScrollerBP/Team777/Tracks/Level3_Indiana.uasset" 625
"../../../../../../Users/conta/Documents/GitHub/Team777-VI/Content/SideScrollerBP/Maps/Level3.umap" 626
"../../../../../../Users/conta/Documents/GitHub/Team777-VI/Content/SideScrollerBP/Maps/LevelSelect_BuiltData.uasset" 627
"../../../../../../Users/conta/Documents/GitHub/Team777-VI/Content/SideScrollerBP/Team777/HUD/TitleScreen.uasset" 628
"../../../../../../Users/conta/Documents/GitHub/Team777-VI/Content/SideScrollerBP/Team777/Player/SelectionCharacter.uasset" 629
"../../../../../../Users/conta/Documents/GitHub/Team777-VI/Content/SideScrollerBP/Maps/LevelSelect.umap" 630
"../../../../../../Users/conta/Documents/GitHub/Team777-VI/Content/SideScrollerBP/Team777/Meshes/Wall_Paint.uasset" 631
"../../../../../../Users/conta/Documents/GitHub/Team777-VI/Content/SideScrollerBP/Team777/Meshes/sm_title.uasset" 632
"../../../../../../Users/conta/Documents/GitHub/Team777-VI/Content/SideScrollerBP/Team777/Material/t_title.uasset" 633
"../../../../../../Users/conta/Documents/GitHub/Team777-VI/Content/SideScrollerBP/Team777/Material/t_title_Mat.uasset" 634
"../../../Engine/Content/EngineMeshes/Sphere.uasset" 635
"../../../Engine/Content/VREditor/Fonts/VRText_RobotoLarge.uasset" 636
"../../../Engine/Content/VREditor/Fonts/VRTextMaterial.uasset" 637
"../../Plugins/Enterprise/DatasmithContent/Content/Materials/AliasMaster.uasset" 638
"../../../../../../Users/conta/Documents/GitHub/Team777-VI/Content/SideScrollerBP/Team777/Tracks/TrackSelector.uasset" 639
"../../../../../../Users/conta/Documents/GitHub/Team777-VI/Content/SideScrollerBP/Maps/TitleScreen.umap" 640
"../../../../../../Users/conta/Documents/GitHub/Team777-VI/Content/SideScrollerBP/Team777/Intro/TeamIntro.uasset" 641
"../../../../../../Users/conta/Documents/GitHub/Team777-VI/Content/SideScrollerBP/Team777/Intro/IntroCutscene.uasset" 642
"../../../../../../Users/conta/Documents/GitHub/Team777-VI/Content/SideScrollerBP/Maps/TeamIntro_BuiltData.uasset" 643
"../../../../../../Users/conta/Documents/GitHub/Team777-VI/Content/SideScrollerBP/Maps/TeamIntro.umap" 644
"../../../Engine/Content/Maps/Entry_BuiltData.uasset" 645
"../../../Engine/Content/Maps/Entry.umap" 646
